<?xml version="1.0" encoding="UTF-8"?>
<testng-results ignored="0" total="3" passed="3" failed="0" skipped="0">
  <reporter-output>
  </reporter-output>
  <suite started-at="2023-03-07T16:15:55 IST" name="Surefire suite" finished-at="2023-03-07T16:16:09 IST" duration-ms="14566">
    <groups>
    </groups>
    <test started-at="2023-03-07T16:15:55 IST" name="Surefire test" finished-at="2023-03-07T16:16:09 IST" duration-ms="14566">
      <class name="TestNG.NewTest">
        <test-method signature="openapp()[pri:1, instance:TestNG.NewTest@1a78dacd]" started-at="2023-03-07T16:15:55 IST" name="openapp" finished-at="2023-03-07T16:16:03 IST" duration-ms="8065" status="PASS">
          <reporter-output>
          </reporter-output>
        </test-method> <!-- openapp -->
        <test-method signature="login()[pri:2, instance:TestNG.NewTest@1a78dacd]" started-at="2023-03-07T16:16:03 IST" name="login" finished-at="2023-03-07T16:16:06 IST" duration-ms="3254" status="PASS">
          <reporter-output>
          </reporter-output>
        </test-method> <!-- login -->
        <test-method signature="closeapp()[pri:3, instance:TestNG.NewTest@1a78dacd]" started-at="2023-03-07T16:16:06 IST" name="closeapp" finished-at="2023-03-07T16:16:09 IST" duration-ms="3151" status="PASS">
          <reporter-output>
          </reporter-output>
        </test-method> <!-- closeapp -->
      </class> <!-- TestNG.NewTest -->
    </test> <!-- Surefire test -->
  </suite> <!-- Surefire suite -->
</testng-results>
